TN:
SF:/Users/hly/Desktop/tech-template/calculator.cpp
FNL:0,11,16
FNA:0,2,_ZN10Calculator6divideEii
FNL:1,5,5
FNA:1,2,_ZN10Calculator3addEii
FNL:2,7,7
FNA:2,1,_ZN10Calculator8subtractEii
FNL:3,9,9
FNA:3,2,_ZN10Calculator8multiplyEii
FNF:4
FNH:4
DA:5,2
DA:7,1
DA:9,2
DA:11,2
DA:12,2
DA:13,1
DA:15,1
DA:16,0
LF:8
LH:7
end_of_record
TN:
SF:/Users/hly/Desktop/tech-template/include/logger.h
FNL:0,7
FNA:0,2,_ZN6LoggerC1Ev
FNA:0,2,_ZN6LoggerC2Ev
FNA:0,2,_ZN6LoggerD1Ev
FNA:0,2,_ZN6LoggerD2Ev
FNF:1
FNH:1
LF:0
LH:0
end_of_record
TN:
SF:/Users/hly/Desktop/tech-template/logger.cpp
FNL:0,3,3
FNA:0,4,_ZN6Logger3logERKNSt3__112basic_stringIcNS0_11char_traitsIcEENS0_9allocatorIcEEEE
FNL:1,5,5
FNA:1,2,_ZNK6Logger7getLogsEv
FNF:2
FNH:2
DA:3,4
DA:5,2
LF:2
LH:2
end_of_record
TN:
SF:/Users/hly/Desktop/tech-template/notifier.cpp
FNL:0,11,11
FNA:0,3,_ZNK8Notifier11wasNotifiedEv
FNL:1,3,3
FNA:1,2,_ZN8NotifierC1Ei
FNA:1,2,_ZN8NotifierC2Ei
FNL:2,5,9
FNA:2,4,_ZN8Notifier14checkAndNotifyEi
FNF:3
FNH:3
DA:3,4
DA:5,4
DA:6,4
DA:7,2
DA:8,2
DA:9,4
DA:11,3
LF:7
LH:7
end_of_record
TN:
SF:/Users/hly/Desktop/tech-template/tests/test_calculator.cpp
FNL:0,22,25
FNA:0,1,main
FNL:1,6,20
FNA:1,1,_Z14testCalculatorv
FNF:2
FNH:2
DA:6,1
DA:9,1
DA:10,1
DA:11,1
DA:12,1
DA:15,1
DA:16,0
DA:17,1
DA:18,1
DA:19,1
DA:20,2
DA:22,1
DA:23,1
DA:24,1
DA:25,1
LF:15
LH:14
end_of_record
TN:
SF:/Users/hly/Desktop/tech-template/tests/test_e2e.cpp
FNL:0,41,43
FNA:0,1,main
FNL:1,8,39
FNA:1,1,_Z12testEndToEndv
FNF:2
FNH:2
DA:8,1
DA:11,1
DA:12,1
DA:15,1
DA:16,1
DA:19,1
DA:20,1
DA:23,1
DA:24,1
DA:27,1
DA:28,1
DA:31,1
DA:32,1
DA:33,1
DA:34,1
DA:36,1
DA:38,1
DA:39,1
DA:41,1
DA:42,1
DA:43,1
LF:21
LH:21
end_of_record
TN:
SF:/Users/hly/Desktop/tech-template/tests/test_logger.cpp
FNL:0,25,27
FNA:0,1,main
FNL:1,6,23
FNA:1,1,_Z10testLoggerv
FNF:2
FNH:2
DA:6,1
DA:7,1
DA:9,1
DA:10,1
DA:13,1
DA:16,1
DA:19,1
DA:20,1
DA:22,1
DA:23,1
DA:25,1
DA:26,1
DA:27,1
LF:13
LH:13
end_of_record
TN:
SF:/Users/hly/Desktop/tech-template/tests/test_notifier.cpp
FNL:0,16,19
FNA:0,1,main
FNL:1,6,14
FNA:1,1,_Z12testNotifierv
FNF:2
FNH:2
DA:6,1
DA:7,1
DA:9,1
DA:10,1
DA:12,1
DA:13,1
DA:14,1
DA:16,1
DA:17,1
DA:18,1
DA:19,1
LF:11
LH:11
end_of_record
TN:
SF:/opt/homebrew/Cellar/llvm/19.1.7/include/c++/v1/__algorithm/comp.h
FNL:0,39,40
FNA:0,8,_ZNKSt3__16__lessIvvEclB8ne190107ImmEEbRKT_RKT0_
FNF:1
FNH:1
DA:39,8
DA:40,8
LF:2
LH:2
end_of_record
TN:
SF:/opt/homebrew/Cellar/llvm/19.1.7/include/c++/v1/__algorithm/max.h
FNL:0,29,30
FNA:0,4,_ZNSt3__13maxB8ne190107ImNS_6__lessIvvEEEERKT_S5_S5_T0_
FNL:1,35,36
FNA:1,4,_ZNSt3__13maxB8ne190107ImEERKT_S3_S3_
FNF:2
FNH:2
DA:29,4
DA:30,4
DA:35,4
DA:36,4
LF:4
LH:4
end_of_record
TN:
SF:/opt/homebrew/Cellar/llvm/19.1.7/include/c++/v1/__algorithm/min.h
FNL:0,29,30
FNA:0,4,_ZNSt3__13minB8ne190107ImNS_6__lessIvvEEEERKT_S5_S5_T0_
FNL:1,35,36
FNA:1,4,_ZNSt3__13minB8ne190107ImEERKT_S3_S3_
FNF:2
FNH:2
DA:29,4
DA:30,4
DA:35,4
DA:36,4
LF:4
LH:4
end_of_record
TN:
SF:/opt/homebrew/Cellar/llvm/19.1.7/include/c++/v1/__iterator/ostreambuf_iterator.h
FNL:0,53,53
FNA:0,4,_ZNSt3__119ostreambuf_iteratorIcNS_11char_traitsIcEEEC1B8ne190107ERNS_13basic_ostreamIcS2_EE
FNA:0,4,_ZNSt3__119ostreambuf_iteratorIcNS_11char_traitsIcEEEC2B8ne190107ERNS_13basic_ostreamIcS2_EE
FNL:1,63,63
FNA:1,4,_ZNKSt3__119ostreambuf_iteratorIcNS_11char_traitsIcEEE6failedB8ne190107Ev
FNF:2
FNH:2
DA:53,8
DA:63,4
LF:2
LH:2
end_of_record
TN:
SF:/opt/homebrew/Cellar/llvm/19.1.7/include/c++/v1/__locale
FNL:0,167
FNA:0,8,_ZNSt3__19use_facetB8ne190107INS_5ctypeIcEEEERKT_RKNS_6localeE
FNL:1,565
FNA:1,8,_ZNKSt3__15ctypeIcE5widenB8ne190107Ec
FNF:2
FNH:2
DA:167,8
DA:168,8
DA:565,8
LF:3
LH:3
end_of_record
TN:
SF:/opt/homebrew/Cellar/llvm/19.1.7/include/c++/v1/__memory/allocate_at_least.h
FNL:0,40,41
FNA:0,4,_ZNSt3__119__allocate_at_leastB8ne190107INS_9allocatorINS_12basic_stringIcNS_11char_traitsIcEENS1_IcEEEEEEEENS_19__allocation_resultINS_16allocator_traitsIT_E7pointerEEERSA_m
FNF:1
FNH:1
DA:40,4
DA:41,4
LF:2
LH:2
end_of_record
TN:
SF:/opt/homebrew/Cellar/llvm/19.1.7/include/c++/v1/__memory/allocator.h
FNL:0,107,107
FNA:0,2,_ZNSt3__19allocatorINS_12basic_stringIcNS_11char_traitsIcEENS0_IcEEEEEC2B8ne190107Ev
FNA:0,5,_ZNSt3__19allocatorIcEC2B8ne190107Ev
FNL:1,112,118
FNA:1,4,_ZNSt3__19allocatorINS_12basic_stringIcNS_11char_traitsIcEENS0_IcEEEEE8allocateB8ne190107Em
FNL:2,128,134
FNA:2,4,_ZNSt3__19allocatorINS_12basic_stringIcNS_11char_traitsIcEENS0_IcEEEEE10deallocateB8ne190107EPS5_m
FNL:3,159,160
FNA:3,8,_ZNKSt3__19allocatorINS_12basic_stringIcNS_11char_traitsIcEENS0_IcEEEEE8max_sizeB8ne190107Ev
FNL:4,164,166
FNA:4,4,_ZNSt3__19allocatorINS_12basic_stringIcNS_11char_traitsIcEENS0_IcEEEEE9constructB8ne190107IS5_JRKS5_EEEvPT_DpOT0_
FNL:5,168,168
FNA:5,4,_ZNSt3__19allocatorINS_12basic_stringIcNS_11char_traitsIcEENS0_IcEEEEE7destroyB8ne190107EPS5_
FNL:6,85,85
FNA:6,2,_ZNSt3__116__non_trivial_ifILb1ENS_9allocatorINS_12basic_stringIcNS_11char_traitsIcEENS1_IcEEEEEEEC2B8ne190107Ev
FNA:6,5,_ZNSt3__116__non_trivial_ifILb1ENS_9allocatorIcEEEC2B8ne190107Ev
FNF:7
FNH:7
DA:85,7
DA:107,7
DA:112,4
DA:113,4
DA:114,0
DA:118,4
DA:128,4
DA:132,4
DA:134,4
DA:159,8
DA:160,8
DA:164,4
DA:165,4
DA:166,4
DA:168,4
LF:15
LH:14
end_of_record
TN:
SF:/opt/homebrew/Cellar/llvm/19.1.7/include/c++/v1/__memory/allocator_traits.h
FNL:0,311,313
FNA:0,4,_ZNSt3__116allocator_traitsINS_9allocatorINS_12basic_stringIcNS_11char_traitsIcEENS1_IcEEEEEEE10deallocateB8ne190107ERS7_PS6_m
FNL:1,317,321
FNA:1,4,_ZNSt3__116allocator_traitsINS_9allocatorINS_12basic_stringIcNS_11char_traitsIcEENS1_IcEEEEEEE9constructB8ne190107IS6_JRKS6_ETnNS_9enable_ifIXsr15__has_constructIS7_PT_DpT0_EE5valueEiE4typeELi0EEEvRS7_SE_DpOSF_
FNL:2,332,336
FNA:2,4,_ZNSt3__116allocator_traitsINS_9allocatorINS_12basic_stringIcNS_11char_traitsIcEENS1_IcEEEEEEE7destroyB8ne190107IS6_TnNS_9enable_ifIXsr13__has_destroyIS7_PT_EE5valueEiE4typeELi0EEEvRS7_SC_
FNL:3,343,345
FNA:3,8,_ZNSt3__116allocator_traitsINS_9allocatorINS_12basic_stringIcNS_11char_traitsIcEENS1_IcEEEEEEE8max_sizeB8ne190107IS7_TnNS_9enable_ifIXsr14__has_max_sizeIKT_EE5valueEiE4typeELi0EEEmRKS7_
FNF:4
FNH:4
DA:311,4
DA:312,4
DA:313,4
DA:317,4
DA:319,4
DA:321,4
DA:332,4
DA:334,4
DA:336,4
DA:343,8
DA:345,8
LF:11
LH:11
end_of_record
TN:
SF:/opt/homebrew/Cellar/llvm/19.1.7/include/c++/v1/__memory/compressed_pair.h
FNL:0,118,119
FNA:0,5,_ZNSt3__117__compressed_pairINS_12basic_stringIcNS_11char_traitsIcEENS_9allocatorIcEEE5__repES5_EC1B8ne190107INS_18__default_init_tagESA_EEOT_OT0_
FNA:0,5,_ZNSt3__117__compressed_pairINS_12basic_stringIcNS_11char_traitsIcEENS_9allocatorIcEEE5__repES5_EC2B8ne190107INS_18__default_init_tagESA_EEOT_OT0_
FNA:0,2,_ZNSt3__117__compressed_pairIPNS_12basic_stringIcNS_11char_traitsIcEENS_9allocatorIcEEEENS4_IS6_EEEC1B8ne190107IDnNS_18__default_init_tagEEEOT_OT0_
FNA:0,2,_ZNSt3__117__compressed_pairIPNS_12basic_stringIcNS_11char_traitsIcEENS_9allocatorIcEEEENS4_IS6_EEEC2B8ne190107IDnNS_18__default_init_tagEEEOT_OT0_
FNA:0,4,_ZNSt3__117__compressed_pairIPNS_12basic_stringIcNS_11char_traitsIcEENS_9allocatorIcEEEERNS4_IS6_EEEC1B8ne190107IDnS9_EEOT_OT0_
FNA:0,4,_ZNSt3__117__compressed_pairIPNS_12basic_stringIcNS_11char_traitsIcEENS_9allocatorIcEEEERNS4_IS6_EEEC2B8ne190107IDnS9_EEOT_OT0_
FNL:1,129,130
FNA:1,0,_ZNSt3__117__compressed_pairINS_12basic_stringIcNS_11char_traitsIcEENS_9allocatorIcEEE5__repES5_E5firstB8ne190107Ev
FNA:1,8,_ZNSt3__117__compressed_pairIPNS_12basic_stringIcNS_11char_traitsIcEENS_9allocatorIcEEEENS4_IS6_EEE5firstB8ne190107Ev
FNA:1,8,_ZNSt3__117__compressed_pairIPNS_12basic_stringIcNS_11char_traitsIcEENS_9allocatorIcEEEERNS4_IS6_EEE5firstB8ne190107Ev
FNL:2,133,134
FNA:2,10,_ZNKSt3__117__compressed_pairINS_12basic_stringIcNS_11char_traitsIcEENS_9allocatorIcEEE5__repES5_E5firstB8ne190107Ev
FNA:2,6,_ZNKSt3__117__compressed_pairIPNS_12basic_stringIcNS_11char_traitsIcEENS_9allocatorIcEEEENS4_IS6_EEE5firstB8ne190107Ev
FNA:2,2,_ZNKSt3__117__compressed_pairIPNS_12basic_stringIcNS_11char_traitsIcEENS_9allocatorIcEEEERNS4_IS6_EEE5firstB8ne190107Ev
FNL:3,137,138
FNA:3,14,_ZNSt3__117__compressed_pairIPNS_12basic_stringIcNS_11char_traitsIcEENS_9allocatorIcEEEENS4_IS6_EEE6secondB8ne190107Ev
FNA:3,6,_ZNSt3__117__compressed_pairIPNS_12basic_stringIcNS_11char_traitsIcEENS_9allocatorIcEEEERNS4_IS6_EEE6secondB8ne190107Ev
FNL:4,141,142
FNA:4,4,_ZNKSt3__117__compressed_pairIPNS_12basic_stringIcNS_11char_traitsIcEENS_9allocatorIcEEEENS4_IS6_EEE6secondB8ne190107Ev
FNL:5,48,48
FNA:5,5,_ZNSt3__122__compressed_pair_elemINS_12basic_stringIcNS_11char_traitsIcEENS_9allocatorIcEEE5__repELi0ELb0EEC2B8ne190107ENS_18__default_init_tagE
FNL:6,52,53
FNA:6,6,_ZNSt3__122__compressed_pair_elemIPNS_12basic_stringIcNS_11char_traitsIcEENS_9allocatorIcEEEELi0ELb0EEC2B8ne190107IDnTnNS_9enable_ifIXntsr7is_sameIS8_u7__decayIT_EEE5valueEiE4typeELi0EEEOSB_
FNA:6,4,_ZNSt3__122__compressed_pair_elemIRNS_9allocatorINS_12basic_stringIcNS_11char_traitsIcEENS1_IcEEEEEELi1ELb0EEC2B8ne190107IS8_TnNS_9enable_ifIXntsr7is_sameIS9_u7__decayIT_EEE5valueEiE4typeELi0EEEOSC_
FNL:7,62,62
FNA:7,0,_ZNSt3__122__compressed_pair_elemINS_12basic_stringIcNS_11char_traitsIcEENS_9allocatorIcEEE5__repELi0ELb0EE5__getB8ne190107Ev
FNA:7,16,_ZNSt3__122__compressed_pair_elemIPNS_12basic_stringIcNS_11char_traitsIcEENS_9allocatorIcEEEELi0ELb0EE5__getB8ne190107Ev
FNA:7,6,_ZNSt3__122__compressed_pair_elemIRNS_9allocatorINS_12basic_stringIcNS_11char_traitsIcEENS1_IcEEEEEELi1ELb0EE5__getB8ne190107Ev
FNL:8,63,63
FNA:8,10,_ZNKSt3__122__compressed_pair_elemINS_12basic_stringIcNS_11char_traitsIcEENS_9allocatorIcEEE5__repELi0ELb0EE5__getB8ne190107Ev
FNA:8,8,_ZNKSt3__122__compressed_pair_elemIPNS_12basic_stringIcNS_11char_traitsIcEENS_9allocatorIcEEEELi0ELb0EE5__getB8ne190107Ev
FNL:9,77,77
FNA:9,2,_ZNSt3__122__compressed_pair_elemINS_9allocatorINS_12basic_stringIcNS_11char_traitsIcEENS1_IcEEEEEELi1ELb1EEC2B8ne190107ENS_18__default_init_tagE
FNA:9,5,_ZNSt3__122__compressed_pair_elemINS_9allocatorIcEELi1ELb1EEC2B8ne190107ENS_18__default_init_tagE
FNL:10,91,91
FNA:10,14,_ZNSt3__122__compressed_pair_elemINS_9allocatorINS_12basic_stringIcNS_11char_traitsIcEENS1_IcEEEEEELi1ELb1EE5__getB8ne190107Ev
FNL:11,92,92
FNA:11,4,_ZNKSt3__122__compressed_pair_elemINS_9allocatorINS_12basic_stringIcNS_11char_traitsIcEENS1_IcEEEEEELi1ELb1EE5__getB8ne190107Ev
FNF:12
FNH:12
DA:48,5
DA:52,10
DA:53,10
DA:62,22
DA:63,18
DA:77,7
DA:91,14
DA:92,4
DA:118,22
DA:119,22
DA:129,16
DA:130,16
DA:133,18
DA:134,18
DA:137,20
DA:138,20
DA:141,4
DA:142,4
LF:18
LH:18
end_of_record
TN:
SF:/opt/homebrew/Cellar/llvm/19.1.7/include/c++/v1/__memory/pointer_traits.h
FNL:0,170,171
FNA:0,0,_ZNSt3__114pointer_traitsIPcE10pointer_toB8ne190107ERc
FNL:1,189,191
FNA:1,20,_ZNSt3__112__to_addressB8ne190107INS_12basic_stringIcNS_11char_traitsIcEENS_9allocatorIcEEEEEEPT_S8_
FNA:1,0,_ZNSt3__112__to_addressB8ne190107IcEEPT_S2_
FNF:2
FNH:1
DA:170,0
DA:171,0
DA:189,20
DA:191,20
LF:4
LH:2
end_of_record
TN:
SF:/opt/homebrew/Cellar/llvm/19.1.7/include/c++/v1/__memory/uninitialized_algorithms.h
FNL:0,623,647
FNA:0,4,_ZNSt3__134__uninitialized_allocator_relocateB8ne190107INS_9allocatorINS_12basic_stringIcNS_11char_traitsIcEENS1_IcEEEEEES6_EEvRT_PT0_SB_SB_
FNF:1
FNH:1
DA:623,4
DA:645,4
DA:647,4
LF:3
LH:3
end_of_record
TN:
SF:/opt/homebrew/Cellar/llvm/19.1.7/include/c++/v1/__ostream/basic_ostream.h
FNL:0,141,141
FNA:0,4,_ZNKSt3__113basic_ostreamIcNS_11char_traitsIcEEE6sentrycvbB8ne190107Ev
FNL:1,499,522
FNA:1,4,_ZNSt3__124__put_character_sequenceB8ne190107IcNS_11char_traitsIcEEEERNS_13basic_ostreamIT_T0_EES7_PKS4_m
FNL:2,618,619
FNA:2,4,_ZNSt3__1lsB8ne190107INS_11char_traitsIcEEEERNS_13basic_ostreamIcT_EES6_PKc
FNL:3,723,726
FNA:3,4,_ZNSt3__14endlB8ne190107IcNS_11char_traitsIcEEEERNS_13basic_ostreamIT_T0_EES7_
FNL:4,73,74
FNA:4,4,_ZNSt3__113basic_ostreamIcNS_11char_traitsIcEEElsB8ne190107EPFRS3_S4_E
FNF:5
FNH:5
DA:73,4
DA:74,4
DA:141,4
DA:499,4
DA:503,4
DA:504,4
DA:506,4
DA:507,4
DA:508,4
DA:509,4
DA:510,4
DA:511,4
DA:512,4
DA:513,4
DA:514,0
DA:515,4
DA:517,4
DA:518,0
DA:519,0
DA:521,4
DA:522,0
DA:618,4
DA:619,4
DA:723,4
DA:724,4
DA:725,4
DA:726,4
LF:27
LH:23
end_of_record
TN:
SF:/opt/homebrew/Cellar/llvm/19.1.7/include/c++/v1/__split_buffer
FNL:0,114
FNA:0,6,_ZNSt3__114__split_bufferINS_12basic_stringIcNS_11char_traitsIcEENS_9allocatorIcEEEERNS4_IS6_EEE7__allocB8ne190107Ev
FNL:1,119
FNA:1,8,_ZNSt3__114__split_bufferINS_12basic_stringIcNS_11char_traitsIcEENS_9allocatorIcEEEERNS4_IS6_EEE9__end_capB8ne190107Ev
FNL:2,120
FNA:2,2,_ZNKSt3__114__split_bufferINS_12basic_stringIcNS_11char_traitsIcEENS_9allocatorIcEEEERNS4_IS6_EEE9__end_capB8ne190107Ev
FNL:3,130
FNA:3,4,_ZNSt3__114__split_bufferINS_12basic_stringIcNS_11char_traitsIcEENS_9allocatorIcEEEERNS4_IS6_EEE5clearB8ne190107Ev
FNL:4,138
FNA:4,2,_ZNKSt3__114__split_bufferINS_12basic_stringIcNS_11char_traitsIcEENS_9allocatorIcEEEERNS4_IS6_EEE8capacityB8ne190107Ev
FNL:5,193
FNA:5,4,_ZNSt3__114__split_bufferINS_12basic_stringIcNS_11char_traitsIcEENS_9allocatorIcEEEERNS4_IS6_EEE17__destruct_at_endB8ne190107EPS6_
FNL:6,335
FNA:6,4,_ZNSt3__114__split_bufferINS_12basic_stringIcNS_11char_traitsIcEENS_9allocatorIcEEEERNS4_IS6_EEE17__destruct_at_endB8ne190107EPS6_NS_17integral_constantIbLb0EEE
FNL:7,348
FNA:7,4,_ZNSt3__114__split_bufferINS_12basic_stringIcNS_11char_traitsIcEENS_9allocatorIcEEEERNS4_IS6_EEEC1EmmS8_
FNA:7,4,_ZNSt3__114__split_bufferINS_12basic_stringIcNS_11char_traitsIcEENS_9allocatorIcEEEERNS4_IS6_EEEC2EmmS8_
FNL:8,362
FNA:8,4,_ZNSt3__114__split_bufferINS_12basic_stringIcNS_11char_traitsIcEENS_9allocatorIcEEEERNS4_IS6_EEED1Ev
FNA:8,4,_ZNSt3__114__split_bufferINS_12basic_stringIcNS_11char_traitsIcEENS_9allocatorIcEEEERNS4_IS6_EEED2Ev
FNF:9
FNH:9
DA:114,6
DA:119,8
DA:120,2
DA:121,2
DA:130,4
DA:138,2
DA:139,2
DA:193,4
DA:194,4
DA:195,4
DA:335,4
DA:336,4
DA:337,0
DA:338,4
DA:348,8
DA:349,8
DA:350,4
DA:351,0
DA:352,0
DA:353,4
DA:354,4
DA:355,4
DA:357,4
DA:358,4
DA:359,8
DA:362,8
DA:363,4
DA:364,4
DA:365,2
DA:366,8
LF:30
LH:27
end_of_record
TN:
SF:/opt/homebrew/Cellar/llvm/19.1.7/include/c++/v1/__string/char_traits.h
FNL:0,128,129
FNA:0,14,_ZNSt3__111char_traitsIcE6lengthB8ne190107EPKc
FNL:1,170,170
FNA:1,4,_ZNSt3__111char_traitsIcE3eofB8ne190107Ev
FNF:2
FNH:2
DA:128,14
DA:129,14
DA:170,4
LF:3
LH:3
end_of_record
TN:
SF:/opt/homebrew/Cellar/llvm/19.1.7/include/c++/v1/__string/constexpr_c_functions.h
FNL:0,50,64
FNA:0,14,_ZNSt3__118__constexpr_strlenB8ne190107IcEEmPKT_
FNF:1
FNH:1
DA:50,14
DA:64,14
LF:2
LH:2
end_of_record
TN:
SF:/opt/homebrew/Cellar/llvm/19.1.7/include/c++/v1/__utility/swap.h
FNL:0,40,45
FNA:0,12,_ZNSt3__14swapB8ne190107IPNS_12basic_stringIcNS_11char_traitsIcEENS_9allocatorIcEEEEEENS_9enable_ifIXaasr21is_move_constructibleIT_EE5valuesr18is_move_assignableIS9_EE5valueEvE4typeERS9_SC_
FNF:1
FNH:1
DA:40,12
DA:42,12
DA:43,12
DA:44,12
DA:45,12
LF:5
LH:5
end_of_record
TN:
SF:/opt/homebrew/Cellar/llvm/19.1.7/include/c++/v1/ios
FNL:0,370
FNA:0,4,_ZNKSt3__18ios_base5rdbufB8ne190107Ev
FNL:1,458
FNA:1,4,_ZNKSt3__18ios_base5flagsB8ne190107Ev
FNL:2,493
FNA:2,4,_ZNKSt3__18ios_base5widthB8ne190107Ev
FNL:3,495
FNA:3,4,_ZNSt3__18ios_base5widthB8ne190107El
FNL:4,505
FNA:4,0,_ZNSt3__18ios_base8setstateB8ne190107Ej
FNL:5,543
FNA:5,4,_ZNSt3__118_SentinelValueFillINS_11char_traitsIcEEEaSB8ne190107Ei
FNL:6,547
FNA:6,4,_ZNKSt3__118_SentinelValueFillINS_11char_traitsIcEEE8__is_setB8ne190107Ev
FNL:7,548
FNA:7,4,_ZNKSt3__118_SentinelValueFillINS_11char_traitsIcEEE5__getB8ne190107Ev
FNL:8,579
FNA:8,0,_ZNSt3__19basic_iosIcNS_11char_traitsIcEEE8setstateB8ne190107Ej
FNL:9,661
FNA:9,4,_ZNKSt3__19basic_iosIcNS_11char_traitsIcEEE5rdbufB8ne190107Ev
FNL:10,688
FNA:10,8,_ZNKSt3__19basic_iosIcNS_11char_traitsIcEEE5widenB8ne190107Ec
FNL:11,693
FNA:11,4,_ZNKSt3__19basic_iosIcNS_11char_traitsIcEEE4fillB8ne190107Ev
FNF:12
FNH:10
DA:370,4
DA:458,4
DA:493,4
DA:495,4
DA:496,4
DA:497,4
DA:498,4
DA:505,0
DA:543,4
DA:544,4
DA:545,4
DA:547,4
DA:548,4
DA:579,0
DA:661,4
DA:662,4
DA:688,8
DA:689,8
DA:690,0
DA:693,4
DA:694,4
DA:695,4
DA:696,4
LF:23
LH:20
end_of_record
TN:
SF:/opt/homebrew/Cellar/llvm/19.1.7/include/c++/v1/limits
FNL:0,202
FNA:0,4,_ZNSt3__123__libcpp_numeric_limitsIlLb1EE3maxB8ne190107Ev
FNL:1,469
FNA:1,4,_ZNSt3__114numeric_limitsIlE3maxB8ne190107Ev
FNF:2
FNH:2
DA:202,4
DA:469,4
LF:2
LH:2
end_of_record
TN:
SF:/opt/homebrew/Cellar/llvm/19.1.7/include/c++/v1/locale
FNL:0,1268
FNA:0,4,_ZNSt3__116__pad_and_outputB8ne190107IcNS_11char_traitsIcEEEENS_19ostreambuf_iteratorIT_T0_EES6_PKS4_S8_S8_RNS_8ios_baseES4_
FNF:1
FNH:1
DA:1268,4
DA:1275,4
DA:1276,0
DA:1277,4
DA:1278,4
DA:1279,4
DA:1280,0
DA:1282,4
DA:1283,4
DA:1284,4
DA:1285,0
DA:1286,0
DA:1287,0
DA:1289,0
DA:1290,4
DA:1291,0
DA:1292,0
DA:1293,0
DA:1294,0
DA:1296,0
DA:1297,4
DA:1298,4
DA:1299,4
DA:1300,0
DA:1301,0
DA:1303,4
DA:1304,4
DA:1305,4
DA:1306,4
LF:29
LH:16
end_of_record
TN:
SF:/opt/homebrew/Cellar/llvm/19.1.7/include/c++/v1/new
FNL:0,171
FNA:0,0,_ZSt28__throw_bad_array_new_lengthB8ne190107v
FNL:1,254
FNA:1,8,_ZNSt3__124__is_overaligned_for_newB8ne190107Em
FNL:2,263
FNA:2,4,_ZNSt3__121__libcpp_operator_newB8ne190107IJmEEEPvDpT_
FNA:2,0,_ZNSt3__121__libcpp_operator_newB8ne190107IJmSt11align_val_tEEEPvDpT_
FNL:3,272
FNA:3,4,_ZNSt3__124__libcpp_operator_deleteB8ne190107IJPvmEEEvDpT_
FNA:3,0,_ZNSt3__124__libcpp_operator_deleteB8ne190107IJPvmSt11align_val_tEEEvDpT_
FNL:4,280
FNA:4,4,_ZNSt3__117__libcpp_allocateB8ne190107Emm
FNL:5,293
FNA:5,4,_ZNSt3__127__do_deallocate_handle_sizeB8ne190107IJEEEvPvmDpT_
FNA:5,0,_ZNSt3__127__do_deallocate_handle_sizeB8ne190107IJSt11align_val_tEEEvPvmDpT_
FNL:6,302
FNA:6,4,_ZNSt3__119__libcpp_deallocateB8ne190107EPvmm
FNF:7
FNH:6
DA:171,0
DA:173,0
DA:254,8
DA:256,8
DA:263,4
DA:265,4
DA:272,4
DA:274,4
DA:278,4
DA:280,4
DA:282,4
DA:283,0
DA:284,0
DA:289,4
DA:290,4
DA:293,4
DA:298,4
DA:302,4
DA:307,4
DA:308,0
DA:309,0
DA:311,4
DA:314,4
LF:23
LH:17
end_of_record
TN:
SF:/opt/homebrew/Cellar/llvm/19.1.7/include/c++/v1/stdexcept
FNL:0,139
FNA:0,1,_ZNSt16invalid_argumentC1B8ne190107EPKc
FNA:0,1,_ZNSt16invalid_argumentC2B8ne190107EPKc
FNL:1,151
FNA:1,0,_ZNSt12length_errorC1B8ne190107EPKc
FNA:1,0,_ZNSt12length_errorC2B8ne190107EPKc
FNL:2,238
FNA:2,0,_ZNSt3__120__throw_length_errorB8ne190107EPKc
FNF:3
FNH:1
DA:139,2
DA:151,0
DA:238,0
DA:240,0
DA:244,0
LF:5
LH:1
end_of_record
TN:
SF:/opt/homebrew/Cellar/llvm/19.1.7/include/c++/v1/streambuf
FNL:0,221
FNA:0,4,_ZNSt3__115basic_streambufIcNS_11char_traitsIcEEE5sputnB8ne190107EPKcl
FNF:1
FNH:1
DA:221,4
DA:222,4
LF:2
LH:2
end_of_record
TN:
SF:/opt/homebrew/Cellar/llvm/19.1.7/include/c++/v1/string
FNL:0,1058
FNA:0,5,_ZNSt3__112basic_stringIcNS_11char_traitsIcEENS_9allocatorIcEEEC1B8ne190107ILi0EEEPKc
FNA:0,5,_ZNSt3__112basic_stringIcNS_11char_traitsIcEENS_9allocatorIcEEEC2B8ne190107ILi0EEEPKc
FNL:1,1088
FNA:1,0,_ZNSt3__112basic_stringIcNS_11char_traitsIcEENS_9allocatorIcEEEC1B8ne190107Emc
FNA:1,0,_ZNSt3__112basic_stringIcNS_11char_traitsIcEENS_9allocatorIcEEEC2B8ne190107Emc
FNL:2,1283
FNA:2,5,_ZNKSt3__112basic_stringIcNS_11char_traitsIcEENS_9allocatorIcEEE4sizeB8ne190107Ev
FNL:3,1707
FNA:3,0,_ZNSt3__112basic_stringIcNS_11char_traitsIcEENS_9allocatorIcEEE4dataB8ne190107Ev
FNL:4,1876
FNA:4,5,_ZNKSt3__112basic_stringIcNS_11char_traitsIcEENS_9allocatorIcEEE9__is_longB8ne190107Ev
FNL:5,1960
FNA:5,5,_ZNKSt3__112basic_stringIcNS_11char_traitsIcEENS_9allocatorIcEEE16__get_short_sizeB8ne190107Ev
FNL:6,1968
FNA:6,0,_ZNKSt3__112basic_stringIcNS_11char_traitsIcEENS_9allocatorIcEEE15__get_long_sizeB8ne190107Ev
FNL:7,1990
FNA:7,0,_ZNSt3__112basic_stringIcNS_11char_traitsIcEENS_9allocatorIcEEE18__get_long_pointerB8ne190107Ev
FNL:8,1997
FNA:8,0,_ZNSt3__112basic_stringIcNS_11char_traitsIcEENS_9allocatorIcEEE19__get_short_pointerB8ne190107Ev
FNL:9,2004
FNA:9,0,_ZNSt3__112basic_stringIcNS_11char_traitsIcEENS_9allocatorIcEEE13__get_pointerB8ne190107Ev
FNL:10,3857
FNA:10,5,_ZNSt3__1eqB8ne190107IcNS_11char_traitsIcEENS_9allocatorIcEEEEbRKNS_12basic_stringIT_T0_T1_EEPKS6_
FNF:11
FNH:5
DA:1058,10
DA:1059,10
DA:1061,5
DA:1062,10
DA:1088,0
DA:1089,0
DA:1090,0
DA:1091,0
DA:1283,5
DA:1284,5
DA:1707,0
DA:1708,0
DA:1876,5
DA:1880,5
DA:1960,5
DA:1962,5
DA:1968,0
DA:1969,0
DA:1990,0
DA:1991,0
DA:1997,0
DA:1998,0
DA:2004,0
DA:2005,0
DA:3857,5
DA:3863,5
DA:3864,5
DA:3865,0
DA:3866,5
DA:3868,5
LF:30
LH:15
end_of_record
TN:
SF:/opt/homebrew/Cellar/llvm/19.1.7/include/c++/v1/vector
FNL:0,1049
FNA:0,4,_ZNSt3__16vectorINS_12basic_stringIcNS_11char_traitsIcEENS_9allocatorIcEEEENS4_IS6_EEE26__swap_out_circular_bufferERNS_14__split_bufferIS6_RS7_EE
FNL:1,1106
FNA:1,4,_ZNKSt3__16vectorINS_12basic_stringIcNS_11char_traitsIcEENS_9allocatorIcEEEENS4_IS6_EEE8max_sizeEv
FNL:2,1113
FNA:2,4,_ZNKSt3__16vectorINS_12basic_stringIcNS_11char_traitsIcEENS_9allocatorIcEEEENS4_IS6_EEE11__recommendB8ne190107Em
FNL:3,1442
FNA:3,4,_ZNKSt3__16vectorINS_12basic_stringIcNS_11char_traitsIcEENS_9allocatorIcEEEENS4_IS6_EEEixB8ne190107Em
FNL:4,1496
FNA:4,4,_ZNSt3__16vectorINS_12basic_stringIcNS_11char_traitsIcEENS_9allocatorIcEEEENS4_IS6_EEE21__push_back_slow_pathIRKS6_EEPS6_OT_
FNL:5,1508
FNA:5,4,_ZNSt3__16vectorINS_12basic_stringIcNS_11char_traitsIcEENS_9allocatorIcEEEENS4_IS6_EEE9push_backB8ne190107ERKS6_
FNL:6,430
FNA:6,2,_ZNSt3__16vectorINS_12basic_stringIcNS_11char_traitsIcEENS_9allocatorIcEEEENS4_IS6_EEEC1B8ne190107Ev
FNA:6,2,_ZNSt3__16vectorINS_12basic_stringIcNS_11char_traitsIcEENS_9allocatorIcEEEENS4_IS6_EEEC2B8ne190107Ev
FNL:7,526
FNA:7,2,_ZNSt3__16vectorINS_12basic_stringIcNS_11char_traitsIcEENS_9allocatorIcEEEENS4_IS6_EEE16__destroy_vectorC1B8ne190107ERS8_
FNA:7,2,_ZNSt3__16vectorINS_12basic_stringIcNS_11char_traitsIcEENS_9allocatorIcEEEENS4_IS6_EEE16__destroy_vectorC2B8ne190107ERS8_
FNL:8,528
FNA:8,2,_ZNSt3__16vectorINS_12basic_stringIcNS_11char_traitsIcEENS_9allocatorIcEEEENS4_IS6_EEE16__destroy_vectorclB8ne190107Ev
FNL:9,541
FNA:9,2,_ZNSt3__16vectorINS_12basic_stringIcNS_11char_traitsIcEENS_9allocatorIcEEEENS4_IS6_EEED1B8ne190107Ev
FNA:9,2,_ZNSt3__16vectorINS_12basic_stringIcNS_11char_traitsIcEENS_9allocatorIcEEEENS4_IS6_EEED2B8ne190107Ev
FNL:10,634
FNA:10,14,_ZNKSt3__16vectorINS_12basic_stringIcNS_11char_traitsIcEENS_9allocatorIcEEEENS4_IS6_EEE4sizeB8ne190107Ev
FNL:11,637
FNA:11,6,_ZNKSt3__16vectorINS_12basic_stringIcNS_11char_traitsIcEENS_9allocatorIcEEEENS4_IS6_EEE8capacityB8ne190107Ev
FNL:12,906
FNA:12,4,_ZNKSt3__16vectorINS_12basic_stringIcNS_11char_traitsIcEENS_9allocatorIcEEEENS4_IS6_EEE14__annotate_newB8ne190107Em
FNL:13,913
FNA:13,6,_ZNKSt3__16vectorINS_12basic_stringIcNS_11char_traitsIcEENS_9allocatorIcEEEENS4_IS6_EEE17__annotate_deleteB8ne190107Ev
FNL:14,934
FNA:14,0,_ZNSt3__16vectorINS_12basic_stringIcNS_11char_traitsIcEENS_9allocatorIcEEEENS4_IS6_EEE21_ConstructTransactionC1B8ne190107ERS8_m
FNA:14,0,_ZNSt3__16vectorINS_12basic_stringIcNS_11char_traitsIcEENS_9allocatorIcEEEENS4_IS6_EEE21_ConstructTransactionC2B8ne190107ERS8_m
FNL:15,941
FNA:15,0,_ZNSt3__16vectorINS_12basic_stringIcNS_11char_traitsIcEENS_9allocatorIcEEEENS4_IS6_EEE21_ConstructTransactionD1B8ne190107Ev
FNA:15,0,_ZNSt3__16vectorINS_12basic_stringIcNS_11char_traitsIcEENS_9allocatorIcEEEENS4_IS6_EEE21_ConstructTransactionD2B8ne190107Ev
FNL:16,959
FNA:16,0,_ZNSt3__16vectorINS_12basic_stringIcNS_11char_traitsIcEENS_9allocatorIcEEEENS4_IS6_EEE22__construct_one_at_endB8ne190107IJRKS6_EEEvDpOT_
FNL:17,965
FNA:17,14,_ZNSt3__16vectorINS_12basic_stringIcNS_11char_traitsIcEENS_9allocatorIcEEEENS4_IS6_EEE7__allocB8ne190107Ev
FNL:18,968
FNA:18,4,_ZNKSt3__16vectorINS_12basic_stringIcNS_11char_traitsIcEENS_9allocatorIcEEEENS4_IS6_EEE7__allocB8ne190107Ev
FNL:19,971
FNA:19,8,_ZNSt3__16vectorINS_12basic_stringIcNS_11char_traitsIcEENS_9allocatorIcEEEENS4_IS6_EEE9__end_capB8ne190107Ev
FNL:20,974
FNA:20,6,_ZNKSt3__16vectorINS_12basic_stringIcNS_11char_traitsIcEENS_9allocatorIcEEEENS4_IS6_EEE9__end_capB8ne190107Ev
FNL:21,978
FNA:21,2,_ZNSt3__16vectorINS_12basic_stringIcNS_11char_traitsIcEENS_9allocatorIcEEEENS4_IS6_EEE7__clearB8ne190107Ev
FNL:22,982
FNA:22,2,_ZNSt3__16vectorINS_12basic_stringIcNS_11char_traitsIcEENS_9allocatorIcEEEENS4_IS6_EEE22__base_destruct_at_endB8ne190107EPS6_
FNL:23,999
FNA:23,0,_ZNKSt3__16vectorINS_12basic_stringIcNS_11char_traitsIcEENS_9allocatorIcEEEENS4_IS6_EEE20__throw_length_errorB8ne190107Ev
FNF:24
FNH:20
DA:430,4
DA:431,4
DA:526,4
DA:528,2
DA:529,2
DA:530,2
DA:531,2
DA:532,2
DA:533,2
DA:534,2
DA:541,4
DA:634,14
DA:635,14
DA:637,6
DA:638,6
DA:766,2
DA:767,2
DA:768,2
DA:769,2
DA:906,4
DA:911,4
DA:913,6
DA:917,6
DA:934,0
DA:935,0
DA:939,0
DA:941,0
DA:942,0
DA:948,0
DA:959,0
DA:960,0
DA:961,0
DA:962,0
DA:963,0
DA:965,14
DA:966,14
DA:968,4
DA:969,4
DA:971,8
DA:972,8
DA:974,6
DA:975,6
DA:978,2
DA:979,2
DA:980,2
DA:982,2
DA:983,2
DA:984,6
DA:985,4
DA:986,2
DA:987,2
DA:999,0
DA:1049,4
DA:1050,4
DA:1051,4
DA:1052,4
DA:1053,4
DA:1054,4
DA:1055,4
DA:1056,4
DA:1057,4
DA:1058,4
DA:1059,4
DA:1060,4
DA:1061,4
DA:1106,4
DA:1107,4
DA:1113,4
DA:1114,4
DA:1115,4
DA:1116,0
DA:1117,4
DA:1118,4
DA:1119,0
DA:1120,4
DA:1121,4
DA:1442,4
DA:1444,4
DA:1496,4
DA:1497,4
DA:1498,4
DA:1500,4
DA:1501,4
DA:1502,4
DA:1503,4
DA:1504,4
DA:1508,4
DA:1509,4
DA:1510,4
DA:1511,0
DA:1512,0
DA:1513,0
DA:1514,4
DA:1516,4
DA:1517,4
LF:95
LH:78
end_of_record
